<?xml version="1.0" encoding="UTF-8"?>
<!-- Generated by org.testng.reporters.JUnitReportReporter -->
<testsuite skipped="0" hostname="WIN-9CSDHDN9FSR" name="TestNG_Website" tests="6" failures="0" timestamp="12 Jan 2020 17:16:31 GMT" time="0.045" errors="0">
  <testcase name="ChangeSchool" time="0.003" classname="TestNG_Website"/>
  <testcase name="ChangeDOB" time="0.009" classname="TestNG_Website"/>
  <testcase name="SendEmail" time="0.003" classname="TestNG_Website"/>
  <testcase name="SignUp" time="0.005" classname="TestNG_Website"/>
  <testcase name="SignOut" time="0.022" classname="TestNG_Website"/>
  <testcase name="SignIn" time="0.003" classname="TestNG_Website"/>
</testsuite> <!-- TestNG_Website -->
