<?xml version="1.0" encoding="UTF-8"?>
<!-- Generated by org.testng.reporters.JUnitReportReporter -->
<testsuite skipped="1" hostname="WIN-9CSDHDN9FSR" name="TestNG1" tests="4" failures="0" timestamp="12 Jan 2020 16:47:17 GMT" time="0.020" errors="0">
  <testcase name="Login" time="0.012" classname="TestNG1"/>
  <testcase name="PrepareEmail" time="0.004" classname="TestNG1"/>
  <testcase name="SignOff" time="0.004" classname="TestNG1"/>
  <testcase name="FirstRegistration" classname="TestNG1">
    <skipped/>
  </testcase> <!-- FirstRegistration -->
</testsuite> <!-- TestNG1 -->
